<?xml version="1.0" encoding="UTF-8"?>
<!-- Generated by org.testng.reporters.JUnitXMLReporter -->
<testsuite hostname="CoverosSpare" name="Sample Test" tests="4" failures="0" timestamp="31 Oct 2017 19:36:10 GMT" time="9.708" errors="0">
  <testcase name="testAbout" time="2.414" classname="com.cucumber.demo.cucumber_demo.GooglePageTest"/>
  <testcase name="testStore" time="2.478" classname="com.cucumber.demo.cucumber_demo.GooglePageTest"/>
  <testcase name="testDropDown" time="3.112" classname="com.cucumber.demo.cucumber_demo.GooglePageTest"/>
  <testcase name="testSearch" time="5.063" classname="com.cucumber.demo.cucumber_demo.GooglePageTest"/>
</testsuite> <!-- Sample Test -->
