<?xml version="1.0" encoding="UTF-8"?>
<!-- Generated by org.testng.reporters.JUnitXMLReporter -->
<testsuite hostname="CoverosSpare" name="Command line test" tests="4" failures="0" timestamp="31 Oct 2017 19:35:59 GMT" time="34.686" errors="0">
  <testcase name="testAbout" time="2.527" classname="com.cucumber.demo.cucumber_demo.GooglePageTest"/>
  <testcase name="testDropDown" time="3.668" classname="com.cucumber.demo.cucumber_demo.GooglePageTest"/>
  <testcase name="testSearch" time="4.741" classname="com.cucumber.demo.cucumber_demo.GooglePageTest"/>
  <testcase name="testStore" time="3.193" classname="com.cucumber.demo.cucumber_demo.GooglePageTest"/>
</testsuite> <!-- Command line test -->
