<?xml version="1.0" encoding="UTF-8" ?>
<testsuite tests="4" failures="0" name="TestSuite" time="10.02" errors="0" skipped="0">
  <properties>
[...]
</properties>
  <testcase classname="com.cucumber.demo.cucumber_demo.GooglePageTest" name="testAbout" time="1.402"/>
  <testcase classname="com.cucumber.demo.cucumber_demo.GooglePageTest" name="testStore" time="2.103"/>
  <testcase classname="com.cucumber.demo.cucumber_demo.GooglePageTest" name="testDropDown" time="3.112"/>
  <testcase classname="com.cucumber.demo.cucumber_demo.GooglePageTest" name="testSearch" time="4.05"/>
</testsuite>